<?xml version="1.0" encoding="UTF-8"?>
<testng-results skipped="0" failed="0" total="2" passed="2">
  <reporter-output>
  </reporter-output>
  <suite name="Maven Test Suite1" duration-ms="46" started-at="2019-01-02T01:08:36Z" finished-at="2019-01-02T01:08:36Z">
    <groups>
    </groups>
    <test name="Test 1" duration-ms="46" started-at="2019-01-02T01:08:36Z" finished-at="2019-01-02T01:08:36Z">
      <class name="com.qa.test.DemoTest">
        <test-method status="PASS" signature="sum()[pri:0, instance:com.qa.test.DemoTest@3cda1055]" name="sum" duration-ms="27" started-at="2019-01-01T18:08:36Z" finished-at="2019-01-01T18:08:36Z">
          <reporter-output>
          </reporter-output>
        </test-method> <!-- sum -->
      </class> <!-- com.qa.test.DemoTest -->
      <class name="com.qa.test.DemoTest2">
        <test-method status="PASS" signature="sum()[pri:0, instance:com.qa.test.DemoTest2@35f983a6]" name="sum" duration-ms="1" started-at="2019-01-01T18:08:36Z" finished-at="2019-01-01T18:08:36Z">
          <reporter-output>
          </reporter-output>
        </test-method> <!-- sum -->
      </class> <!-- com.qa.test.DemoTest2 -->
    </test> <!-- Test 1 -->
  </suite> <!-- Maven Test Suite1 -->
</testng-results>
